INFO:root:process finished
INFO:root:process started...
INFO:root:interval value from config file: 5
WARNING:root:interval value accepted: 5
INFO:root:('Entering function ', 'isysmon_main')
INFO:root:('Entering function ', 'get_metrics')
INFO:root:('Leaving function ', 'get_metrics')
INFO:root:('Entering function ', 'get_fmt_str')
INFO:root:('Entering function ', 'get_fmt_str')
INFO:root:('Leaving function ', 'get_fmt_str')
INFO:root:('Leaving function ', 'get_fmt_str')
INFO:root:('Leaving function ', 'isysmon_main')
INFO:root:process finished
INFO:root:process started...
INFO:root:interval value from config file: 5
WARNING:root:interval value accepted: 5
INFO:root:('Entering function ', 'isysmon_main')
INFO:root:('Entering function ', 'get_metrics')
INFO:root:('Leaving function ', 'get_metrics')
INFO:root:('Entering function ', 'get_fmt_str')
INFO:root:('Entering function ', 'get_fmt_str')
INFO:root:('Leaving function ', 'get_fmt_str')
INFO:root:('Leaving function ', 'get_fmt_str')
INFO:root:('Leaving function ', 'isysmon_main')
INFO:root:process finished
INFO:root:process started...
INFO:root:interval value from config file: 5
WARNING:root:interval value accepted: 5
INFO:root:('Entering function ', 'isysmon_main')
INFO:root:('Entering function ', 'get_metrics')
INFO:root:('Leaving function ', 'get_metrics')
INFO:root:('Entering function ', 'get_fmt_str')
INFO:root:('Entering function ', 'get_fmt_str')
INFO:root:('Leaving function ', 'get_fmt_str')
INFO:root:('Leaving function ', 'get_fmt_str')
INFO:root:('Leaving function ', 'isysmon_main')
INFO:schedule:Running job Every 5 seconds do call() (last run: [never], next run: 2016-03-29 17:34:13)
INFO:root:('Entering function ', 'isysmon_main')
INFO:root:('Entering function ', 'get_metrics')
INFO:root:('Leaving function ', 'get_metrics')
INFO:root:('Entering function ', 'get_fmt_str')
INFO:root:('Entering function ', 'get_fmt_str')
INFO:root:('Leaving function ', 'get_fmt_str')
INFO:root:('Leaving function ', 'get_fmt_str')
INFO:root:('Leaving function ', 'isysmon_main')
INFO:schedule:Running job Every 5 seconds do call() (last run: 2016-03-29 17:34:18, next run: 2016-03-29 17:34:23)
INFO:root:('Entering function ', 'isysmon_main')
INFO:root:('Entering function ', 'get_metrics')
INFO:root:('Leaving function ', 'get_metrics')
INFO:root:('Entering function ', 'get_fmt_str')
INFO:root:('Entering function ', 'get_fmt_str')
INFO:root:('Leaving function ', 'get_fmt_str')
INFO:root:('Leaving function ', 'get_fmt_str')
INFO:root:('Leaving function ', 'isysmon_main')
INFO:schedule:Running job Every 5 seconds do call() (last run: 2016-03-29 17:34:28, next run: 2016-03-29 17:34:33)
INFO:root:('Entering function ', 'isysmon_main')
INFO:root:('Entering function ', 'get_metrics')
INFO:root:('Leaving function ', 'get_metrics')
INFO:root:('Entering function ', 'get_fmt_str')
INFO:root:('Entering function ', 'get_fmt_str')
INFO:root:('Leaving function ', 'get_fmt_str')
INFO:root:('Leaving function ', 'get_fmt_str')
INFO:root:('Leaving function ', 'isysmon_main')
INFO:schedule:Running job Every 5 seconds do call() (last run: 2016-03-29 17:34:38, next run: 2016-03-29 17:34:43)
INFO:root:('Entering function ', 'isysmon_main')
INFO:root:('Entering function ', 'get_metrics')
INFO:root:('Leaving function ', 'get_metrics')
INFO:root:('Entering function ', 'get_fmt_str')
INFO:root:('Entering function ', 'get_fmt_str')
INFO:root:('Leaving function ', 'get_fmt_str')
INFO:root:('Leaving function ', 'get_fmt_str')
INFO:root:('Leaving function ', 'isysmon_main')
INFO:schedule:Running job Every 5 seconds do call() (last run: 2016-03-29 17:34:48, next run: 2016-03-29 17:34:53)
INFO:root:('Entering function ', 'isysmon_main')
INFO:root:('Entering function ', 'get_metrics')
INFO:root:('Leaving function ', 'get_metrics')
INFO:root:('Entering function ', 'get_fmt_str')
INFO:root:('Entering function ', 'get_fmt_str')
INFO:root:('Leaving function ', 'get_fmt_str')
INFO:root:('Leaving function ', 'get_fmt_str')
INFO:root:('Leaving function ', 'isysmon_main')
INFO:schedule:Running job Every 5 seconds do call() (last run: 2016-03-29 17:34:58, next run: 2016-03-29 17:35:03)
INFO:root:('Entering function ', 'isysmon_main')
INFO:root:('Entering function ', 'get_metrics')
INFO:root:('Leaving function ', 'get_metrics')
INFO:root:('Entering function ', 'get_fmt_str')
INFO:root:('Entering function ', 'get_fmt_str')
INFO:root:('Leaving function ', 'get_fmt_str')
INFO:root:('Leaving function ', 'get_fmt_str')
INFO:root:('Leaving function ', 'isysmon_main')
INFO:schedule:Running job Every 5 seconds do call() (last run: 2016-03-29 17:35:08, next run: 2016-03-29 17:35:13)
INFO:root:('Entering function ', 'isysmon_main')
INFO:root:('Entering function ', 'get_metrics')
INFO:root:('Leaving function ', 'get_metrics')
INFO:root:('Entering function ', 'get_fmt_str')
INFO:root:('Entering function ', 'get_fmt_str')
INFO:root:('Leaving function ', 'get_fmt_str')
INFO:root:('Leaving function ', 'get_fmt_str')
INFO:root:('Leaving function ', 'isysmon_main')
INFO:schedule:Running job Every 5 seconds do call() (last run: 2016-03-29 17:35:18, next run: 2016-03-29 17:35:23)
INFO:root:('Entering function ', 'isysmon_main')
INFO:root:('Entering function ', 'get_metrics')
INFO:root:('Leaving function ', 'get_metrics')
INFO:root:('Entering function ', 'get_fmt_str')
INFO:root:('Entering function ', 'get_fmt_str')
INFO:root:('Leaving function ', 'get_fmt_str')
INFO:root:('Leaving function ', 'get_fmt_str')
INFO:root:('Leaving function ', 'isysmon_main')
INFO:schedule:Running job Every 5 seconds do call() (last run: 2016-03-29 17:35:28, next run: 2016-03-29 17:35:33)
INFO:root:('Entering function ', 'isysmon_main')
INFO:root:('Entering function ', 'get_metrics')
INFO:root:('Leaving function ', 'get_metrics')
INFO:root:('Entering function ', 'get_fmt_str')
INFO:root:('Entering function ', 'get_fmt_str')
INFO:root:('Leaving function ', 'get_fmt_str')
INFO:root:('Leaving function ', 'get_fmt_str')
INFO:root:('Leaving function ', 'isysmon_main')
